2026-02-11 21:14:43 INFO client_categorizer.ingest_pm_csv pm_ingest_start file=C:\Users\manan\AppData\Local\Temp\pytest-of-manan\pytest-8\test_ingest_pm_csv_creates_pm_0\pm.csv clear_existing_pm_features=True
2026-02-11 21:14:43 INFO client_categorizer.ingest_pm_csv pm_ingest_done read=1 valid=1 skipped=0 pms_created=1 pm_obs=1 pm_features=3
2026-02-11 21:14:43 INFO client_categorizer.ingest_rfq_csv rfq_ingest_start file=C:\Users\manan\AppData\Local\Temp\pytest-of-manan\pytest-8\test_ingest_rfq_csv_builds_agg0\rfq.csv clear_existing=True
2026-02-11 21:14:43 INFO client_categorizer.ingest_rfq_csv rfq_ingest_done run_id=1 read=2 valid=2 skipped=0 clients_created=2 features=10
2026-02-11 21:14:43 INFO client_categorizer.ingest_trade_csv trade_ingest_start file=C:\Users\manan\AppData\Local\Temp\pytest-of-manan\pytest-8\test_ingest_trade_csv_end_to_e0\trades.csv
2026-02-11 21:14:43 INFO client_categorizer.ingest_trade_csv trade_ingest_done stats={'rows_processed': 2, 'ideas_created': 2, 'ideas_updated': 0, 'clients_created': 3, 'observations_created': 4}
2026-02-11 21:14:43 INFO client_categorizer.ingest_trade_csv trade_ingest_start file=C:\Users\manan\AppData\Local\Temp\pytest-of-manan\pytest-8\test_ingest_trade_csv_end_to_e0\trades.csv
2026-02-11 21:14:43 INFO client_categorizer.ingest_trade_csv trade_ingest_done stats={'rows_processed': 2, 'ideas_created': 0, 'ideas_updated': 2, 'clients_created': 0, 'observations_created': 0}
2026-02-11 21:14:43 INFO client_categorizer.service candidate_search_start region=EUROPE country=None pair=EURUSD product= tenor= cap=400 fallback_min=20
2026-02-11 21:14:43 INFO client_categorizer.service candidate_search_done candidates=1 fallback_used=True used_regions=['EUROPE', 'APAC', 'AMERICA', 'CEEMEA']
2026-02-11 21:14:43 INFO client_categorizer.service match_clients_done run_id=1 candidates=1 returned=1 region=EUROPE country=None
2026-02-12 00:57:05 INFO client_categorizer.ingest_rfq_csv rfq_ingest_start file=data\sample_rfq.csv clear_existing=True
2026-02-12 00:57:06 INFO client_categorizer.ingest_rfq_csv rfq_ingest_done run_id=1 read=30 valid=30 skipped=0 clients_created=10 features=147
2026-02-12 01:00:06 INFO client_categorizer.service candidate_search_start region=EUROPE country=None pair=AUDJPY product= tenor= cap=400 fallback_min=20
2026-02-12 01:00:06 WARNING client_categorizer.service candidate_search_empty attempts=[{'region': 'EUROPE', 'stage': 'PAIR,PAIR_PRODUCT', 'strict_region': True, 'row_count': 0, 'country_filter': None}, {'region': 'APAC', 'stage': 'PAIR,PAIR_PRODUCT', 'strict_region': False, 'row_count': 0, 'country_filter': ''}, {'region': 'AMERICA', 'stage': 'PAIR,PAIR_PRODUCT', 'strict_region': False, 'row_count': 0, 'country_filter': ''}, {'region': 'CEEMEA', 'stage': 'PAIR,PAIR_PRODUCT', 'strict_region': False, 'row_count': 0, 'country_filter': ''}]
2026-02-12 01:00:06 INFO client_categorizer.service candidate_search_done candidates=0 fallback_used=True used_regions=['EUROPE', 'APAC', 'AMERICA', 'CEEMEA']
2026-02-12 01:00:06 WARNING client_categorizer.service match_clients_no_profiles input_ref=idea:6 meta={'target_region': 'EUROPE', 'target_country': None, 'used_regions': ['EUROPE', 'APAC', 'AMERICA', 'CEEMEA'], 'fallback_used': True, 'signals': {'ccy_pair': 'AUDJPY', 'product_type': '', 'tenor_bucket': '', 'region': ''}, 'debug': [{'region': 'EUROPE', 'stage': 'PAIR,PAIR_PRODUCT', 'strict_region': True, 'row_count': 0, 'country_filter': None}, {'region': 'APAC', 'stage': 'PAIR,PAIR_PRODUCT', 'strict_region': False, 'row_count': 0, 'country_filter': ''}, {'region': 'AMERICA', 'stage': 'PAIR,PAIR_PRODUCT', 'strict_region': False, 'row_count': 0, 'country_filter': ''}, {'region': 'CEEMEA', 'stage': 'PAIR,PAIR_PRODUCT', 'strict_region': False, 'row_count': 0, 'country_filter': ''}], 'empty_reason': 'No candidates from RFQ aggregate features for provided region/country/signals. Try broader region/country or ensure idea has pair/product terms present in RFQ data.'}
2026-02-12 01:00:06 INFO client_categorizer.app ui_match_clients run_id=2 results=0 region=EUROPE country=
2026-02-12 01:00:10 INFO client_categorizer.service candidate_search_start region=AMERICA country=None pair=AUDJPY product= tenor= cap=400 fallback_min=20
2026-02-12 01:00:10 WARNING client_categorizer.service candidate_search_empty attempts=[{'region': 'AMERICA', 'stage': 'PAIR,PAIR_PRODUCT', 'strict_region': True, 'row_count': 0, 'country_filter': None}, {'region': 'EUROPE', 'stage': 'PAIR,PAIR_PRODUCT', 'strict_region': False, 'row_count': 0, 'country_filter': ''}, {'region': 'APAC', 'stage': 'PAIR,PAIR_PRODUCT', 'strict_region': False, 'row_count': 0, 'country_filter': ''}, {'region': 'CEEMEA', 'stage': 'PAIR,PAIR_PRODUCT', 'strict_region': False, 'row_count': 0, 'country_filter': ''}]
2026-02-12 01:00:10 INFO client_categorizer.service candidate_search_done candidates=0 fallback_used=True used_regions=['AMERICA', 'EUROPE', 'APAC', 'CEEMEA']
2026-02-12 01:00:10 WARNING client_categorizer.service match_clients_no_profiles input_ref=idea:6 meta={'target_region': 'AMERICA', 'target_country': None, 'used_regions': ['AMERICA', 'EUROPE', 'APAC', 'CEEMEA'], 'fallback_used': True, 'signals': {'ccy_pair': 'AUDJPY', 'product_type': '', 'tenor_bucket': '', 'region': ''}, 'debug': [{'region': 'AMERICA', 'stage': 'PAIR,PAIR_PRODUCT', 'strict_region': True, 'row_count': 0, 'country_filter': None}, {'region': 'EUROPE', 'stage': 'PAIR,PAIR_PRODUCT', 'strict_region': False, 'row_count': 0, 'country_filter': ''}, {'region': 'APAC', 'stage': 'PAIR,PAIR_PRODUCT', 'strict_region': False, 'row_count': 0, 'country_filter': ''}, {'region': 'CEEMEA', 'stage': 'PAIR,PAIR_PRODUCT', 'strict_region': False, 'row_count': 0, 'country_filter': ''}], 'empty_reason': 'No candidates from RFQ aggregate features for provided region/country/signals. Try broader region/country or ensure idea has pair/product terms present in RFQ data.'}
2026-02-12 01:00:10 INFO client_categorizer.app ui_match_clients run_id=3 results=0 region=AMERICA country=
2026-02-12 01:00:13 INFO client_categorizer.service candidate_search_start region=AMERICA country=None pair=AUDJPY product= tenor= cap=400 fallback_min=20
2026-02-12 01:00:13 WARNING client_categorizer.service candidate_search_empty attempts=[{'region': 'AMERICA', 'stage': 'PAIR,PAIR_PRODUCT', 'strict_region': True, 'row_count': 0, 'country_filter': None}, {'region': 'EUROPE', 'stage': 'PAIR,PAIR_PRODUCT', 'strict_region': False, 'row_count': 0, 'country_filter': ''}, {'region': 'APAC', 'stage': 'PAIR,PAIR_PRODUCT', 'strict_region': False, 'row_count': 0, 'country_filter': ''}, {'region': 'CEEMEA', 'stage': 'PAIR,PAIR_PRODUCT', 'strict_region': False, 'row_count': 0, 'country_filter': ''}]
2026-02-12 01:00:13 INFO client_categorizer.service candidate_search_done candidates=0 fallback_used=True used_regions=['AMERICA', 'EUROPE', 'APAC', 'CEEMEA']
2026-02-12 01:00:13 WARNING client_categorizer.service match_clients_no_profiles input_ref=idea:6 meta={'target_region': 'AMERICA', 'target_country': None, 'used_regions': ['AMERICA', 'EUROPE', 'APAC', 'CEEMEA'], 'fallback_used': True, 'signals': {'ccy_pair': 'AUDJPY', 'product_type': '', 'tenor_bucket': '', 'region': ''}, 'debug': [{'region': 'AMERICA', 'stage': 'PAIR,PAIR_PRODUCT', 'strict_region': True, 'row_count': 0, 'country_filter': None}, {'region': 'EUROPE', 'stage': 'PAIR,PAIR_PRODUCT', 'strict_region': False, 'row_count': 0, 'country_filter': ''}, {'region': 'APAC', 'stage': 'PAIR,PAIR_PRODUCT', 'strict_region': False, 'row_count': 0, 'country_filter': ''}, {'region': 'CEEMEA', 'stage': 'PAIR,PAIR_PRODUCT', 'strict_region': False, 'row_count': 0, 'country_filter': ''}], 'empty_reason': 'No candidates from RFQ aggregate features for provided region/country/signals. Try broader region/country or ensure idea has pair/product terms present in RFQ data.'}
2026-02-12 01:00:13 INFO client_categorizer.app ui_match_clients run_id=4 results=0 region=AMERICA country=
2026-02-12 01:00:25 INFO client_categorizer.service candidate_search_start region=CEEMEA country=None pair=AUDJPY product= tenor= cap=400 fallback_min=20
2026-02-12 01:00:25 WARNING client_categorizer.service candidate_search_empty attempts=[{'region': 'CEEMEA', 'stage': 'PAIR,PAIR_PRODUCT', 'strict_region': True, 'row_count': 0, 'country_filter': None}, {'region': 'EUROPE', 'stage': 'PAIR,PAIR_PRODUCT', 'strict_region': False, 'row_count': 0, 'country_filter': ''}, {'region': 'APAC', 'stage': 'PAIR,PAIR_PRODUCT', 'strict_region': False, 'row_count': 0, 'country_filter': ''}, {'region': 'AMERICA', 'stage': 'PAIR,PAIR_PRODUCT', 'strict_region': False, 'row_count': 0, 'country_filter': ''}]
2026-02-12 01:00:25 INFO client_categorizer.service candidate_search_done candidates=0 fallback_used=True used_regions=['CEEMEA', 'EUROPE', 'APAC', 'AMERICA']
2026-02-12 01:00:25 WARNING client_categorizer.service match_clients_no_profiles input_ref=idea:6 meta={'target_region': 'CEEMEA', 'target_country': None, 'used_regions': ['CEEMEA', 'EUROPE', 'APAC', 'AMERICA'], 'fallback_used': True, 'signals': {'ccy_pair': 'AUDJPY', 'product_type': '', 'tenor_bucket': '', 'region': ''}, 'debug': [{'region': 'CEEMEA', 'stage': 'PAIR,PAIR_PRODUCT', 'strict_region': True, 'row_count': 0, 'country_filter': None}, {'region': 'EUROPE', 'stage': 'PAIR,PAIR_PRODUCT', 'strict_region': False, 'row_count': 0, 'country_filter': ''}, {'region': 'APAC', 'stage': 'PAIR,PAIR_PRODUCT', 'strict_region': False, 'row_count': 0, 'country_filter': ''}, {'region': 'AMERICA', 'stage': 'PAIR,PAIR_PRODUCT', 'strict_region': False, 'row_count': 0, 'country_filter': ''}], 'empty_reason': 'No candidates from RFQ aggregate features for provided region/country/signals. Try broader region/country or ensure idea has pair/product terms present in RFQ data.'}
2026-02-12 01:00:25 INFO client_categorizer.app ui_match_clients run_id=5 results=0 region=CEEMEA country=
2026-02-12 01:00:30 INFO client_categorizer.service candidate_search_start region=EUROPE country=None pair=AUDJPY product= tenor= cap=400 fallback_min=20
2026-02-12 01:00:30 WARNING client_categorizer.service candidate_search_empty attempts=[{'region': 'EUROPE', 'stage': 'PAIR,PAIR_PRODUCT', 'strict_region': True, 'row_count': 0, 'country_filter': None}, {'region': 'APAC', 'stage': 'PAIR,PAIR_PRODUCT', 'strict_region': False, 'row_count': 0, 'country_filter': ''}, {'region': 'AMERICA', 'stage': 'PAIR,PAIR_PRODUCT', 'strict_region': False, 'row_count': 0, 'country_filter': ''}, {'region': 'CEEMEA', 'stage': 'PAIR,PAIR_PRODUCT', 'strict_region': False, 'row_count': 0, 'country_filter': ''}]
2026-02-12 01:00:30 INFO client_categorizer.service candidate_search_done candidates=0 fallback_used=True used_regions=['EUROPE', 'APAC', 'AMERICA', 'CEEMEA']
2026-02-12 01:00:30 WARNING client_categorizer.service match_clients_no_profiles input_ref=idea:6 meta={'target_region': 'EUROPE', 'target_country': None, 'used_regions': ['EUROPE', 'APAC', 'AMERICA', 'CEEMEA'], 'fallback_used': True, 'signals': {'ccy_pair': 'AUDJPY', 'product_type': '', 'tenor_bucket': '', 'region': ''}, 'debug': [{'region': 'EUROPE', 'stage': 'PAIR,PAIR_PRODUCT', 'strict_region': True, 'row_count': 0, 'country_filter': None}, {'region': 'APAC', 'stage': 'PAIR,PAIR_PRODUCT', 'strict_region': False, 'row_count': 0, 'country_filter': ''}, {'region': 'AMERICA', 'stage': 'PAIR,PAIR_PRODUCT', 'strict_region': False, 'row_count': 0, 'country_filter': ''}, {'region': 'CEEMEA', 'stage': 'PAIR,PAIR_PRODUCT', 'strict_region': False, 'row_count': 0, 'country_filter': ''}], 'empty_reason': 'No candidates from RFQ aggregate features for provided region/country/signals. Try broader region/country or ensure idea has pair/product terms present in RFQ data.'}
2026-02-12 01:00:30 INFO client_categorizer.app ui_match_clients run_id=6 results=0 region=EUROPE country=
2026-02-12 01:01:27 INFO client_categorizer.service candidate_search_start region=AMERICA country=None pair=AUDJPY product= tenor= cap=400 fallback_min=20
2026-02-12 01:01:27 WARNING client_categorizer.service candidate_search_empty attempts=[{'region': 'AMERICA', 'stage': 'PAIR,PAIR_PRODUCT', 'strict_region': True, 'row_count': 0, 'country_filter': None}, {'region': 'EUROPE', 'stage': 'PAIR,PAIR_PRODUCT', 'strict_region': False, 'row_count': 0, 'country_filter': ''}, {'region': 'APAC', 'stage': 'PAIR,PAIR_PRODUCT', 'strict_region': False, 'row_count': 0, 'country_filter': ''}, {'region': 'CEEMEA', 'stage': 'PAIR,PAIR_PRODUCT', 'strict_region': False, 'row_count': 0, 'country_filter': ''}]
2026-02-12 01:01:27 INFO client_categorizer.service candidate_search_done candidates=0 fallback_used=True used_regions=['AMERICA', 'EUROPE', 'APAC', 'CEEMEA']
2026-02-12 01:01:27 WARNING client_categorizer.service match_clients_no_profiles input_ref=idea:6 meta={'target_region': 'AMERICA', 'target_country': None, 'used_regions': ['AMERICA', 'EUROPE', 'APAC', 'CEEMEA'], 'fallback_used': True, 'signals': {'ccy_pair': 'AUDJPY', 'product_type': '', 'tenor_bucket': '', 'region': ''}, 'debug': [{'region': 'AMERICA', 'stage': 'PAIR,PAIR_PRODUCT', 'strict_region': True, 'row_count': 0, 'country_filter': None}, {'region': 'EUROPE', 'stage': 'PAIR,PAIR_PRODUCT', 'strict_region': False, 'row_count': 0, 'country_filter': ''}, {'region': 'APAC', 'stage': 'PAIR,PAIR_PRODUCT', 'strict_region': False, 'row_count': 0, 'country_filter': ''}, {'region': 'CEEMEA', 'stage': 'PAIR,PAIR_PRODUCT', 'strict_region': False, 'row_count': 0, 'country_filter': ''}], 'empty_reason': 'No candidates from RFQ aggregate features for provided region/country/signals. Try broader region/country or ensure idea has pair/product terms present in RFQ data.'}
2026-02-12 01:01:27 INFO client_categorizer.app ui_match_clients run_id=7 results=0 region=AMERICA country=
2026-02-12 01:03:36 INFO client_categorizer.service candidate_search_start region=EUROPE country=None pair=AUDJPY product= tenor= cap=400 fallback_min=20
2026-02-12 01:03:36 WARNING client_categorizer.service candidate_search_empty attempts=[{'region': 'EUROPE', 'stage': 'PAIR,PAIR_PRODUCT', 'strict_region': True, 'row_count': 0, 'country_filter': None}, {'region': 'APAC', 'stage': 'PAIR,PAIR_PRODUCT', 'strict_region': False, 'row_count': 0, 'country_filter': ''}, {'region': 'AMERICA', 'stage': 'PAIR,PAIR_PRODUCT', 'strict_region': False, 'row_count': 0, 'country_filter': ''}, {'region': 'CEEMEA', 'stage': 'PAIR,PAIR_PRODUCT', 'strict_region': False, 'row_count': 0, 'country_filter': ''}]
2026-02-12 01:03:36 INFO client_categorizer.service candidate_search_done candidates=0 fallback_used=True used_regions=['EUROPE', 'APAC', 'AMERICA', 'CEEMEA']
2026-02-12 01:03:36 WARNING client_categorizer.service match_clients_no_profiles input_ref=idea:6 meta={'target_region': 'EUROPE', 'target_country': None, 'used_regions': ['EUROPE', 'APAC', 'AMERICA', 'CEEMEA'], 'fallback_used': True, 'signals': {'ccy_pair': 'AUDJPY', 'product_type': '', 'tenor_bucket': '', 'region': ''}, 'debug': [{'region': 'EUROPE', 'stage': 'PAIR,PAIR_PRODUCT', 'strict_region': True, 'row_count': 0, 'country_filter': None}, {'region': 'APAC', 'stage': 'PAIR,PAIR_PRODUCT', 'strict_region': False, 'row_count': 0, 'country_filter': ''}, {'region': 'AMERICA', 'stage': 'PAIR,PAIR_PRODUCT', 'strict_region': False, 'row_count': 0, 'country_filter': ''}, {'region': 'CEEMEA', 'stage': 'PAIR,PAIR_PRODUCT', 'strict_region': False, 'row_count': 0, 'country_filter': ''}], 'empty_reason': 'No candidates from RFQ aggregate features for provided region/country/signals. Try broader region/country or ensure idea has pair/product terms present in RFQ data.'}
2026-02-12 01:03:36 INFO client_categorizer.app ui_match_clients run_id=8 results=0 region=EUROPE country=
2026-02-12 01:03:40 INFO client_categorizer.service candidate_search_start region=AMERICA country=None pair=AUDJPY product= tenor= cap=400 fallback_min=20
2026-02-12 01:03:40 WARNING client_categorizer.service candidate_search_empty attempts=[{'region': 'AMERICA', 'stage': 'PAIR,PAIR_PRODUCT', 'strict_region': True, 'row_count': 0, 'country_filter': None}, {'region': 'EUROPE', 'stage': 'PAIR,PAIR_PRODUCT', 'strict_region': False, 'row_count': 0, 'country_filter': ''}, {'region': 'APAC', 'stage': 'PAIR,PAIR_PRODUCT', 'strict_region': False, 'row_count': 0, 'country_filter': ''}, {'region': 'CEEMEA', 'stage': 'PAIR,PAIR_PRODUCT', 'strict_region': False, 'row_count': 0, 'country_filter': ''}]
2026-02-12 01:03:40 INFO client_categorizer.service candidate_search_done candidates=0 fallback_used=True used_regions=['AMERICA', 'EUROPE', 'APAC', 'CEEMEA']
2026-02-12 01:03:40 WARNING client_categorizer.service match_clients_no_profiles input_ref=idea:6 meta={'target_region': 'AMERICA', 'target_country': None, 'used_regions': ['AMERICA', 'EUROPE', 'APAC', 'CEEMEA'], 'fallback_used': True, 'signals': {'ccy_pair': 'AUDJPY', 'product_type': '', 'tenor_bucket': '', 'region': ''}, 'debug': [{'region': 'AMERICA', 'stage': 'PAIR,PAIR_PRODUCT', 'strict_region': True, 'row_count': 0, 'country_filter': None}, {'region': 'EUROPE', 'stage': 'PAIR,PAIR_PRODUCT', 'strict_region': False, 'row_count': 0, 'country_filter': ''}, {'region': 'APAC', 'stage': 'PAIR,PAIR_PRODUCT', 'strict_region': False, 'row_count': 0, 'country_filter': ''}, {'region': 'CEEMEA', 'stage': 'PAIR,PAIR_PRODUCT', 'strict_region': False, 'row_count': 0, 'country_filter': ''}], 'empty_reason': 'No candidates from RFQ aggregate features for provided region/country/signals. Try broader region/country or ensure idea has pair/product terms present in RFQ data.'}
2026-02-12 01:03:40 INFO client_categorizer.app ui_match_clients run_id=9 results=0 region=AMERICA country=
2026-02-12 01:07:17 INFO client_categorizer.service candidate_search_start region=AMERICA country=None pair=AUDJPY product= tenor= cap=400 fallback_min=20
2026-02-12 01:07:17 WARNING client_categorizer.service candidate_search_empty attempts=[{'region': 'AMERICA', 'stage': 'PAIR,PAIR_PRODUCT', 'strict_region': True, 'row_count': 0, 'country_filter': None}, {'region': 'EUROPE', 'stage': 'PAIR,PAIR_PRODUCT', 'strict_region': False, 'row_count': 0, 'country_filter': ''}, {'region': 'APAC', 'stage': 'PAIR,PAIR_PRODUCT', 'strict_region': False, 'row_count': 0, 'country_filter': ''}, {'region': 'CEEMEA', 'stage': 'PAIR,PAIR_PRODUCT', 'strict_region': False, 'row_count': 0, 'country_filter': ''}]
2026-02-12 01:07:17 INFO client_categorizer.service candidate_search_done candidates=0 fallback_used=True used_regions=['AMERICA', 'EUROPE', 'APAC', 'CEEMEA']
2026-02-12 01:07:17 WARNING client_categorizer.service match_clients_no_profiles input_ref=idea:6 meta={'target_region': 'AMERICA', 'target_country': None, 'used_regions': ['AMERICA', 'EUROPE', 'APAC', 'CEEMEA'], 'fallback_used': True, 'signals': {'ccy_pair': 'AUDJPY', 'product_type': '', 'tenor_bucket': '', 'region': ''}, 'debug': [{'region': 'AMERICA', 'stage': 'PAIR,PAIR_PRODUCT', 'strict_region': True, 'row_count': 0, 'country_filter': None}, {'region': 'EUROPE', 'stage': 'PAIR,PAIR_PRODUCT', 'strict_region': False, 'row_count': 0, 'country_filter': ''}, {'region': 'APAC', 'stage': 'PAIR,PAIR_PRODUCT', 'strict_region': False, 'row_count': 0, 'country_filter': ''}, {'region': 'CEEMEA', 'stage': 'PAIR,PAIR_PRODUCT', 'strict_region': False, 'row_count': 0, 'country_filter': ''}], 'empty_reason': 'No candidates from RFQ aggregate features for provided region/country/signals. Try broader region/country or ensure idea has pair/product terms present in RFQ data.'}
2026-02-12 01:07:17 INFO client_categorizer.app ui_match_clients run_id=10 results=0 region=AMERICA country=
2026-02-12 01:07:24 INFO client_categorizer.service candidate_search_start region=AMERICA country=None pair=AUDJPY product= tenor= cap=400 fallback_min=20
2026-02-12 01:07:24 WARNING client_categorizer.service candidate_search_empty attempts=[{'region': 'AMERICA', 'stage': 'PAIR,PAIR_PRODUCT', 'strict_region': True, 'row_count': 0, 'country_filter': None}, {'region': 'EUROPE', 'stage': 'PAIR,PAIR_PRODUCT', 'strict_region': False, 'row_count': 0, 'country_filter': ''}, {'region': 'APAC', 'stage': 'PAIR,PAIR_PRODUCT', 'strict_region': False, 'row_count': 0, 'country_filter': ''}, {'region': 'CEEMEA', 'stage': 'PAIR,PAIR_PRODUCT', 'strict_region': False, 'row_count': 0, 'country_filter': ''}]
2026-02-12 01:07:24 INFO client_categorizer.service candidate_search_done candidates=0 fallback_used=True used_regions=['AMERICA', 'EUROPE', 'APAC', 'CEEMEA']
2026-02-12 01:07:24 WARNING client_categorizer.service match_clients_no_profiles input_ref=idea:6 meta={'target_region': 'AMERICA', 'target_country': None, 'used_regions': ['AMERICA', 'EUROPE', 'APAC', 'CEEMEA'], 'fallback_used': True, 'signals': {'ccy_pair': 'AUDJPY', 'product_type': '', 'tenor_bucket': '', 'region': ''}, 'debug': [{'region': 'AMERICA', 'stage': 'PAIR,PAIR_PRODUCT', 'strict_region': True, 'row_count': 0, 'country_filter': None}, {'region': 'EUROPE', 'stage': 'PAIR,PAIR_PRODUCT', 'strict_region': False, 'row_count': 0, 'country_filter': ''}, {'region': 'APAC', 'stage': 'PAIR,PAIR_PRODUCT', 'strict_region': False, 'row_count': 0, 'country_filter': ''}, {'region': 'CEEMEA', 'stage': 'PAIR,PAIR_PRODUCT', 'strict_region': False, 'row_count': 0, 'country_filter': ''}], 'empty_reason': 'No candidates from RFQ aggregate features for provided region/country/signals. Try broader region/country or ensure idea has pair/product terms present in RFQ data.'}
2026-02-12 01:07:24 INFO client_categorizer.app ui_match_clients run_id=11 results=0 region=AMERICA country=
2026-02-12 01:07:50 INFO client_categorizer.service candidate_search_start region=AMERICA country=None pair=USDJPY product= tenor= cap=400 fallback_min=20
2026-02-12 01:07:50 INFO client_categorizer.service candidate_search_done candidates=2 fallback_used=True used_regions=['AMERICA', 'EUROPE', 'APAC', 'CEEMEA']
2026-02-12 01:07:50 INFO client_categorizer.service match_clients_done run_id=12 candidates=2 returned=2 region=AMERICA country=None
2026-02-12 01:07:50 INFO client_categorizer.app ui_match_clients run_id=12 results=2 region=AMERICA country=
2026-02-12 01:07:57 INFO client_categorizer.service candidate_search_start region=AMERICA country=None pair=USDJPY product= tenor= cap=400 fallback_min=20
2026-02-12 01:07:57 INFO client_categorizer.service candidate_search_done candidates=2 fallback_used=True used_regions=['AMERICA', 'EUROPE', 'APAC', 'CEEMEA']
2026-02-12 01:07:57 INFO client_categorizer.service match_clients_done run_id=13 candidates=2 returned=2 region=AMERICA country=None
2026-02-12 01:07:57 INFO client_categorizer.app ui_match_clients run_id=13 results=2 region=AMERICA country=
2026-02-12 01:10:26 INFO client_categorizer.ingest_pm_csv pm_ingest_start file=C:\Users\manan\AppData\Local\Temp\pytest-of-manan\pytest-9\test_ingest_pm_csv_creates_pm_0\pm.csv clear_existing_pm_features=True
2026-02-12 01:10:26 INFO client_categorizer.ingest_pm_csv pm_ingest_done read=1 valid=1 skipped=0 pms_created=1 pm_obs=1 pm_features=3
2026-02-12 01:10:26 INFO client_categorizer.ingest_rfq_csv rfq_ingest_start file=C:\Users\manan\AppData\Local\Temp\pytest-of-manan\pytest-9\test_ingest_rfq_csv_builds_agg0\rfq.csv clear_existing=True
2026-02-12 01:10:26 INFO client_categorizer.ingest_rfq_csv rfq_ingest_done run_id=1 read=2 valid=2 skipped=0 clients_created=2 features=10
2026-02-12 01:10:26 INFO client_categorizer.ingest_trade_csv trade_ingest_start file=C:\Users\manan\AppData\Local\Temp\pytest-of-manan\pytest-9\test_ingest_trade_csv_end_to_e0\trades.csv
2026-02-12 01:10:26 INFO client_categorizer.ingest_trade_csv trade_ingest_done stats={'rows_processed': 2, 'ideas_created': 2, 'ideas_updated': 0, 'clients_created': 3, 'observations_created': 4}
2026-02-12 01:10:26 INFO client_categorizer.ingest_trade_csv trade_ingest_start file=C:\Users\manan\AppData\Local\Temp\pytest-of-manan\pytest-9\test_ingest_trade_csv_end_to_e0\trades.csv
2026-02-12 01:10:26 INFO client_categorizer.ingest_trade_csv trade_ingest_done stats={'rows_processed': 2, 'ideas_created': 0, 'ideas_updated': 2, 'clients_created': 0, 'observations_created': 0}
2026-02-12 01:10:26 INFO client_categorizer.service candidate_search_start region=EUROPE country=None pair=EURUSD product= tenor= cap=400 fallback_min=20
2026-02-12 01:10:26 INFO client_categorizer.service candidate_search_done candidates=1 fallback_used=True used_regions=['EUROPE', 'APAC', 'AMERICA', 'CEEMEA']
2026-02-12 01:10:26 INFO client_categorizer.service match_clients_done run_id=1 candidates=1 returned=1 region=EUROPE country=None
2026-02-12 23:36:38 INFO client_categorizer.ingest_pm_csv pm_ingest_start file=C:\Users\manan\AppData\Local\Temp\pytest-of-manan\pytest-10\test_ingest_pm_csv_creates_pm_0\pm.csv clear_existing_pm_features=True
2026-02-12 23:36:38 INFO client_categorizer.ingest_pm_csv pm_client_mappings_sample count=1 sample=[('Brevan', 'BREVAN HOWARD ASSET MANAGEMENT', 'PM A')]
2026-02-12 23:36:38 INFO client_categorizer.ingest_pm_csv pm_ingest_done read=1 valid=1 skipped=0 pms_created=1 pms_updated=0 pm_obs=1 pm_features=3 unresolved_clients=0
2026-02-12 23:36:38 INFO client_categorizer.ingest_pm_csv pm_ingest_start file=C:\Users\manan\AppData\Local\Temp\pytest-of-manan\pytest-10\test_ingest_pm_csv_skips_unres0\pm_unresolved.csv clear_existing_pm_features=True
2026-02-12 23:36:38 WARNING client_categorizer.ingest_pm_csv pm_unresolved_clients count=1 sample=['Unknown Client']
2026-02-12 23:36:38 INFO client_categorizer.ingest_pm_csv pm_ingest_done read=1 valid=0 skipped=1 pms_created=0 pms_updated=0 pm_obs=0 pm_features=0 unresolved_clients=1
2026-02-12 23:36:38 INFO client_categorizer.ingest_rfq_csv rfq_ingest_start file=C:\Users\manan\AppData\Local\Temp\pytest-of-manan\pytest-10\test_ingest_rfq_csv_builds_agg0\rfq.csv clear_existing=True
2026-02-12 23:36:38 INFO client_categorizer.ingest_rfq_csv rfq_ingest_done run_id=1 read=2 valid=2 skipped=0 clients_created=2 features=10
2026-02-12 23:36:38 INFO client_categorizer.ingest_trade_csv trade_ingest_start file=C:\Users\manan\AppData\Local\Temp\pytest-of-manan\pytest-10\test_ingest_trade_csv_end_to_e0\trades.csv
2026-02-12 23:36:38 INFO client_categorizer.ingest_trade_csv trade_ingest_done stats={'rows_processed': 2, 'ideas_created': 2, 'ideas_updated': 0, 'clients_created': 3, 'observations_created': 4}
2026-02-12 23:36:38 INFO client_categorizer.ingest_trade_csv trade_ingest_start file=C:\Users\manan\AppData\Local\Temp\pytest-of-manan\pytest-10\test_ingest_trade_csv_end_to_e0\trades.csv
2026-02-12 23:36:38 INFO client_categorizer.ingest_trade_csv trade_ingest_done stats={'rows_processed': 2, 'ideas_created': 0, 'ideas_updated': 2, 'clients_created': 0, 'observations_created': 0}
2026-02-12 23:36:38 INFO client_categorizer.service candidate_search_start region=EUROPE country=None pair=EURUSD product= tenor= cap=400 fallback_min=20
2026-02-12 23:36:38 INFO client_categorizer.service candidate_search_done candidates=1 fallback_used=True used_regions=['EUROPE', 'APAC', 'AMERICA', 'CEEMEA']
2026-02-12 23:36:38 INFO client_categorizer.service pm_ranked client_id=1 pm_count=1 top_pm=PM Alpha
2026-02-12 23:36:38 INFO client_categorizer.service match_clients_done run_id=1 candidates=1 returned=1 region=EUROPE country=None
